<?xml version="1.0" encoding="UTF-8"?>
<persistence version="2.1" xmlns="http://xmlns.jcp.org/xml/ns/persistence"
             xmlns:xsi="http://www.w3.org/2001/XMLSchema-instance"
             xsi:schemaLocation="http://xmlns.jcp.org/xml/ns/persistence
              http://xmlns.jcp.org/xml/ns/persistence/persistence_2_1.xsd">

    <persistence-unit name="myPU" transaction-type="JTA">
        <jta-data-source>fooDS</jta-data-source>              <!--1-->

        <class>org.superbiz.arqpersistence.MyEntity</class>

        <properties>
            <property name="javax.persistence.schema-generation.database.action" value="create"/>
            <property name="eclipselink.logging.level" value="FINE"/>
            <property name="eclipselink.logging.level.sql" value="FINE"/>
            <property name="eclipselink.logging.parameters" value="true"/>
            <property name="eclipselink.logging.session" value="true"/>
            <property name="eclipselink.logging.thread" value="false"/>
            <property name="eclipselink.logging.exceptions" value="true"/>
        </properties>

    </persistence-unit>

</persistence>